# 1 "src/counter.c"
# 1 "<built-in>"
# 1 "<command-line>"
# 1 "/usr/include/stdc-predef.h" 1 3 4
# 1 "<command-line>" 2
# 1 "src/counter.c"
# 1 "src/counter.i" 1
# 1 "src/counter.h" 1
extern unsigned char counter;
unsigned char set_counter(unsigned char val_init);
void reset_counter(void);
unsigned char check_counter(void);
# 1 "src/counter.i" 2
# 2 "src/counter.c" 2
unsigned char counter;
unsigned char set_counter(unsigned char val_init)
{

if (val_init>=254) {
 counter = 0;
} else
{
 counter = val_init+1;
}
return counter;
}
