# 1 "src/math.c"
# 1 "<built-in>"
# 1 "<command-line>"
# 1 "/usr/include/stdc-predef.h" 1 3 4
# 1 "<command-line>" 2
# 1 "src/math.c"
# 1 "src/math.h" 1

int maximum(int x, int y);
int valeur_milieu(int a, int b, int c);
# 2 "src/math.c" 2

int maximum(int x, int y)
{

        if (x>y){
                return x;
        } else if (x<y){
                return y;
        } else {
                return 0;
        }
}

int valeur_milieu(int a, int b, int c)
{
        if(b > a){
                if(a > c){
                        return a;
                }else if (c > b){
                        return b;
                }else{
                        return c;
                }
        }else{
                if(b > c){
                        return b;
                }else if (c > a){
                        return a;
                }else{
                        return c;
                }
        }
}
