# 1 "src/store.c"
# 1 "<built-in>"
# 1 "<command-line>"
# 1 "/usr/include/stdc-predef.h" 1 3 4
# 1 "<command-line>" 2
# 1 "src/store.c"
# 1 "src/store.h" 1



# 1 "/usr/include/pthread.h" 1 3 4
# 21 "/usr/include/pthread.h" 3 4
# 1 "/usr/include/features.h" 1 3 4
# 374 "/usr/include/features.h" 3 4
# 1 "/usr/include/x86_64-linux-gnu/sys/cdefs.h" 1 3 4
# 385 "/usr/include/x86_64-linux-gnu/sys/cdefs.h" 3 4
# 1 "/usr/include/x86_64-linux-gnu/bits/wordsize.h" 1 3 4
# 386 "/usr/include/x86_64-linux-gnu/sys/cdefs.h" 2 3 4
# 375 "/usr/include/features.h" 2 3 4
# 398 "/usr/include/features.h" 3 4
# 1 "/usr/include/x86_64-linux-gnu/gnu/stubs.h" 1 3 4
# 10 "/usr/include/x86_64-linux-gnu/gnu/stubs.h" 3 4
# 1 "/usr/include/x86_64-linux-gnu/gnu/stubs-64.h" 1 3 4
# 11 "/usr/include/x86_64-linux-gnu/gnu/stubs.h" 2 3 4
# 399 "/usr/include/features.h" 2 3 4
# 22 "/usr/include/pthread.h" 2 3 4
# 1 "/usr/include/endian.h" 1 3 4
# 36 "/usr/include/endian.h" 3 4
# 1 "/usr/include/x86_64-linux-gnu/bits/endian.h" 1 3 4
# 37 "/usr/include/endian.h" 2 3 4
# 23 "/usr/include/pthread.h" 2 3 4
# 1 "/usr/include/sched.h" 1 3 4
# 25 "/usr/include/sched.h" 3 4
# 1 "/usr/include/x86_64-linux-gnu/bits/types.h" 1 3 4
# 27 "/usr/include/x86_64-linux-gnu/bits/types.h" 3 4
# 1 "/usr/include/x86_64-linux-gnu/bits/wordsize.h" 1 3 4
# 28 "/usr/include/x86_64-linux-gnu/bits/types.h" 2 3 4


typedef unsigned char __u_char;
typedef unsigned short int __u_short;
typedef unsigned int __u_int;
typedef unsigned long int __u_long;


typedef signed char __int8_t;
typedef unsigned char __uint8_t;
typedef signed short int __int16_t;
typedef unsigned short int __uint16_t;
typedef signed int __int32_t;
typedef unsigned int __uint32_t;

typedef signed long int __int64_t;
typedef unsigned long int __uint64_t;







typedef long int __quad_t;
typedef unsigned long int __u_quad_t;
# 121 "/usr/include/x86_64-linux-gnu/bits/types.h" 3 4
# 1 "/usr/include/x86_64-linux-gnu/bits/typesizes.h" 1 3 4
# 122 "/usr/include/x86_64-linux-gnu/bits/types.h" 2 3 4


typedef unsigned long int __dev_t;
typedef unsigned int __uid_t;
typedef unsigned int __gid_t;
typedef unsigned long int __ino_t;
typedef unsigned long int __ino64_t;
typedef unsigned int __mode_t;
typedef unsigned long int __nlink_t;
typedef long int __off_t;
typedef long int __off64_t;
typedef int __pid_t;
typedef struct { int __val[2]; } __fsid_t;
typedef long int __clock_t;
typedef unsigned long int __rlim_t;
typedef unsigned long int __rlim64_t;
typedef unsigned int __id_t;
typedef long int __time_t;
typedef unsigned int __useconds_t;
typedef long int __suseconds_t;

typedef int __daddr_t;
typedef int __key_t;


typedef int __clockid_t;


typedef void * __timer_t;


typedef long int __blksize_t;




typedef long int __blkcnt_t;
typedef long int __blkcnt64_t;


typedef unsigned long int __fsblkcnt_t;
typedef unsigned long int __fsblkcnt64_t;


typedef unsigned long int __fsfilcnt_t;
typedef unsigned long int __fsfilcnt64_t;


typedef long int __fsword_t;

typedef long int __ssize_t;


typedef long int __syscall_slong_t;

typedef unsigned long int __syscall_ulong_t;



typedef __off64_t __loff_t;
typedef __quad_t *__qaddr_t;
typedef char *__caddr_t;


typedef long int __intptr_t;


typedef unsigned int __socklen_t;
# 26 "/usr/include/sched.h" 2 3 4


# 1 "/usr/lib/gcc/x86_64-linux-gnu/4.8/include/stddef.h" 1 3 4
# 212 "/usr/lib/gcc/x86_64-linux-gnu/4.8/include/stddef.h" 3 4
typedef long unsigned int size_t;
# 29 "/usr/include/sched.h" 2 3 4



# 1 "/usr/include/time.h" 1 3 4
# 73 "/usr/include/time.h" 3 4


typedef __time_t time_t;

# 120 "/usr/include/time.h" 3 4
struct timespec
  {
    __time_t tv_sec;
    __syscall_slong_t tv_nsec;
  };
# 33 "/usr/include/sched.h" 2 3 4


typedef __pid_t pid_t;





# 1 "/usr/include/x86_64-linux-gnu/bits/sched.h" 1 3 4
# 72 "/usr/include/x86_64-linux-gnu/bits/sched.h" 3 4
struct sched_param
  {
    int __sched_priority;
  };


# 95 "/usr/include/x86_64-linux-gnu/bits/sched.h" 3 4








struct __sched_param
  {
    int __sched_priority;
  };
# 118 "/usr/include/x86_64-linux-gnu/bits/sched.h" 3 4
typedef unsigned long int __cpu_mask;






typedef struct
{
  __cpu_mask __bits[1024 / (8 * sizeof (__cpu_mask))];
} cpu_set_t;
# 201 "/usr/include/x86_64-linux-gnu/bits/sched.h" 3 4


extern int __sched_cpucount (size_t __setsize, const cpu_set_t *__setp)
  __attribute__ ((__nothrow__ , __leaf__));
extern cpu_set_t *__sched_cpualloc (size_t __count) __attribute__ ((__nothrow__ , __leaf__)) ;
extern void __sched_cpufree (cpu_set_t *__set) __attribute__ ((__nothrow__ , __leaf__));


# 42 "/usr/include/sched.h" 2 3 4







extern int sched_setparam (__pid_t __pid, const struct sched_param *__param)
     __attribute__ ((__nothrow__ , __leaf__));


extern int sched_getparam (__pid_t __pid, struct sched_param *__param) __attribute__ ((__nothrow__ , __leaf__));


extern int sched_setscheduler (__pid_t __pid, int __policy,
          const struct sched_param *__param) __attribute__ ((__nothrow__ , __leaf__));


extern int sched_getscheduler (__pid_t __pid) __attribute__ ((__nothrow__ , __leaf__));


extern int sched_yield (void) __attribute__ ((__nothrow__ , __leaf__));


extern int sched_get_priority_max (int __algorithm) __attribute__ ((__nothrow__ , __leaf__));


extern int sched_get_priority_min (int __algorithm) __attribute__ ((__nothrow__ , __leaf__));


extern int sched_rr_get_interval (__pid_t __pid, struct timespec *__t) __attribute__ ((__nothrow__ , __leaf__));
# 124 "/usr/include/sched.h" 3 4

# 24 "/usr/include/pthread.h" 2 3 4
# 1 "/usr/include/time.h" 1 3 4
# 29 "/usr/include/time.h" 3 4








# 1 "/usr/lib/gcc/x86_64-linux-gnu/4.8/include/stddef.h" 1 3 4
# 38 "/usr/include/time.h" 2 3 4



# 1 "/usr/include/x86_64-linux-gnu/bits/time.h" 1 3 4
# 42 "/usr/include/time.h" 2 3 4
# 57 "/usr/include/time.h" 3 4


typedef __clock_t clock_t;

# 131 "/usr/include/time.h" 3 4


struct tm
{
  int tm_sec;
  int tm_min;
  int tm_hour;
  int tm_mday;
  int tm_mon;
  int tm_year;
  int tm_wday;
  int tm_yday;
  int tm_isdst;





  long int __tm_gmtoff;
  const char *__tm_zone;

};

# 186 "/usr/include/time.h" 3 4



extern clock_t clock (void) __attribute__ ((__nothrow__ , __leaf__));


extern time_t time (time_t *__timer) __attribute__ ((__nothrow__ , __leaf__));


extern double difftime (time_t __time1, time_t __time0)
     __attribute__ ((__nothrow__ , __leaf__)) __attribute__ ((__const__));


extern time_t mktime (struct tm *__tp) __attribute__ ((__nothrow__ , __leaf__));





extern size_t strftime (char *__restrict __s, size_t __maxsize,
   const char *__restrict __format,
   const struct tm *__restrict __tp) __attribute__ ((__nothrow__ , __leaf__));

# 236 "/usr/include/time.h" 3 4



extern struct tm *gmtime (const time_t *__timer) __attribute__ ((__nothrow__ , __leaf__));



extern struct tm *localtime (const time_t *__timer) __attribute__ ((__nothrow__ , __leaf__));

# 258 "/usr/include/time.h" 3 4



extern char *asctime (const struct tm *__tp) __attribute__ ((__nothrow__ , __leaf__));


extern char *ctime (const time_t *__timer) __attribute__ ((__nothrow__ , __leaf__));

# 282 "/usr/include/time.h" 3 4
extern char *__tzname[2];
extern int __daylight;
extern long int __timezone;
# 430 "/usr/include/time.h" 3 4

# 25 "/usr/include/pthread.h" 2 3 4

# 1 "/usr/include/x86_64-linux-gnu/bits/pthreadtypes.h" 1 3 4
# 21 "/usr/include/x86_64-linux-gnu/bits/pthreadtypes.h" 3 4
# 1 "/usr/include/x86_64-linux-gnu/bits/wordsize.h" 1 3 4
# 22 "/usr/include/x86_64-linux-gnu/bits/pthreadtypes.h" 2 3 4
# 60 "/usr/include/x86_64-linux-gnu/bits/pthreadtypes.h" 3 4
typedef unsigned long int pthread_t;


union pthread_attr_t
{
  char __size[56];
  long int __align;
};

typedef union pthread_attr_t pthread_attr_t;





typedef struct __pthread_internal_list
{
  struct __pthread_internal_list *__prev;
  struct __pthread_internal_list *__next;
} __pthread_list_t;
# 90 "/usr/include/x86_64-linux-gnu/bits/pthreadtypes.h" 3 4
typedef union
{
  struct __pthread_mutex_s
  {
    int __lock;
    unsigned int __count;
    int __owner;

    unsigned int __nusers;



    int __kind;

    short __spins;
    short __elision;
    __pthread_list_t __list;
# 124 "/usr/include/x86_64-linux-gnu/bits/pthreadtypes.h" 3 4
  } __data;
  char __size[40];
  long int __align;
} pthread_mutex_t;

typedef union
{
  char __size[4];
  int __align;
} pthread_mutexattr_t;




typedef union
{
  struct
  {
    int __lock;
    unsigned int __futex;
    __extension__ unsigned long long int __total_seq;
    __extension__ unsigned long long int __wakeup_seq;
    __extension__ unsigned long long int __woken_seq;
    void *__mutex;
    unsigned int __nwaiters;
    unsigned int __broadcast_seq;
  } __data;
  char __size[48];
  __extension__ long long int __align;
} pthread_cond_t;

typedef union
{
  char __size[4];
  int __align;
} pthread_condattr_t;



typedef unsigned int pthread_key_t;



typedef int pthread_once_t;
# 27 "/usr/include/pthread.h" 2 3 4
# 1 "/usr/include/x86_64-linux-gnu/bits/setjmp.h" 1 3 4
# 26 "/usr/include/x86_64-linux-gnu/bits/setjmp.h" 3 4
# 1 "/usr/include/x86_64-linux-gnu/bits/wordsize.h" 1 3 4
# 27 "/usr/include/x86_64-linux-gnu/bits/setjmp.h" 2 3 4




typedef long int __jmp_buf[8];
# 28 "/usr/include/pthread.h" 2 3 4
# 1 "/usr/include/x86_64-linux-gnu/bits/wordsize.h" 1 3 4
# 29 "/usr/include/pthread.h" 2 3 4



enum
{
  PTHREAD_CREATE_JOINABLE,

  PTHREAD_CREATE_DETACHED

};



enum
{
  PTHREAD_MUTEX_TIMED_NP,
  PTHREAD_MUTEX_RECURSIVE_NP,
  PTHREAD_MUTEX_ERRORCHECK_NP,
  PTHREAD_MUTEX_ADAPTIVE_NP
# 59 "/usr/include/pthread.h" 3 4
};
# 166 "/usr/include/pthread.h" 3 4
enum
{
  PTHREAD_INHERIT_SCHED,

  PTHREAD_EXPLICIT_SCHED

};



enum
{
  PTHREAD_SCOPE_SYSTEM,

  PTHREAD_SCOPE_PROCESS

};



enum
{
  PTHREAD_PROCESS_PRIVATE,

  PTHREAD_PROCESS_SHARED

};
# 201 "/usr/include/pthread.h" 3 4
struct _pthread_cleanup_buffer
{
  void (*__routine) (void *);
  void *__arg;
  int __canceltype;
  struct _pthread_cleanup_buffer *__prev;
};


enum
{
  PTHREAD_CANCEL_ENABLE,

  PTHREAD_CANCEL_DISABLE

};
enum
{
  PTHREAD_CANCEL_DEFERRED,

  PTHREAD_CANCEL_ASYNCHRONOUS

};
# 239 "/usr/include/pthread.h" 3 4





extern int pthread_create (pthread_t *__restrict __newthread,
      const pthread_attr_t *__restrict __attr,
      void *(*__start_routine) (void *),
      void *__restrict __arg) __attribute__ ((__nothrow__)) __attribute__ ((__nonnull__ (1, 3)));





extern void pthread_exit (void *__retval) __attribute__ ((__noreturn__));







extern int pthread_join (pthread_t __th, void **__thread_return);
# 282 "/usr/include/pthread.h" 3 4
extern int pthread_detach (pthread_t __th) __attribute__ ((__nothrow__ , __leaf__));



extern pthread_t pthread_self (void) __attribute__ ((__nothrow__ , __leaf__)) __attribute__ ((__const__));


extern int pthread_equal (pthread_t __thread1, pthread_t __thread2)
  __attribute__ ((__nothrow__ , __leaf__)) __attribute__ ((__const__));







extern int pthread_attr_init (pthread_attr_t *__attr) __attribute__ ((__nothrow__ , __leaf__)) __attribute__ ((__nonnull__ (1)));


extern int pthread_attr_destroy (pthread_attr_t *__attr)
     __attribute__ ((__nothrow__ , __leaf__)) __attribute__ ((__nonnull__ (1)));


extern int pthread_attr_getdetachstate (const pthread_attr_t *__attr,
     int *__detachstate)
     __attribute__ ((__nothrow__ , __leaf__)) __attribute__ ((__nonnull__ (1, 2)));


extern int pthread_attr_setdetachstate (pthread_attr_t *__attr,
     int __detachstate)
     __attribute__ ((__nothrow__ , __leaf__)) __attribute__ ((__nonnull__ (1)));



extern int pthread_attr_getguardsize (const pthread_attr_t *__attr,
          size_t *__guardsize)
     __attribute__ ((__nothrow__ , __leaf__)) __attribute__ ((__nonnull__ (1, 2)));


extern int pthread_attr_setguardsize (pthread_attr_t *__attr,
          size_t __guardsize)
     __attribute__ ((__nothrow__ , __leaf__)) __attribute__ ((__nonnull__ (1)));



extern int pthread_attr_getschedparam (const pthread_attr_t *__restrict __attr,
           struct sched_param *__restrict __param)
     __attribute__ ((__nothrow__ , __leaf__)) __attribute__ ((__nonnull__ (1, 2)));


extern int pthread_attr_setschedparam (pthread_attr_t *__restrict __attr,
           const struct sched_param *__restrict
           __param) __attribute__ ((__nothrow__ , __leaf__)) __attribute__ ((__nonnull__ (1, 2)));


extern int pthread_attr_getschedpolicy (const pthread_attr_t *__restrict
     __attr, int *__restrict __policy)
     __attribute__ ((__nothrow__ , __leaf__)) __attribute__ ((__nonnull__ (1, 2)));


extern int pthread_attr_setschedpolicy (pthread_attr_t *__attr, int __policy)
     __attribute__ ((__nothrow__ , __leaf__)) __attribute__ ((__nonnull__ (1)));


extern int pthread_attr_getinheritsched (const pthread_attr_t *__restrict
      __attr, int *__restrict __inherit)
     __attribute__ ((__nothrow__ , __leaf__)) __attribute__ ((__nonnull__ (1, 2)));


extern int pthread_attr_setinheritsched (pthread_attr_t *__attr,
      int __inherit)
     __attribute__ ((__nothrow__ , __leaf__)) __attribute__ ((__nonnull__ (1)));



extern int pthread_attr_getscope (const pthread_attr_t *__restrict __attr,
      int *__restrict __scope)
     __attribute__ ((__nothrow__ , __leaf__)) __attribute__ ((__nonnull__ (1, 2)));


extern int pthread_attr_setscope (pthread_attr_t *__attr, int __scope)
     __attribute__ ((__nothrow__ , __leaf__)) __attribute__ ((__nonnull__ (1)));


extern int pthread_attr_getstackaddr (const pthread_attr_t *__restrict
          __attr, void **__restrict __stackaddr)
     __attribute__ ((__nothrow__ , __leaf__)) __attribute__ ((__nonnull__ (1, 2))) __attribute__ ((__deprecated__));





extern int pthread_attr_setstackaddr (pthread_attr_t *__attr,
          void *__stackaddr)
     __attribute__ ((__nothrow__ , __leaf__)) __attribute__ ((__nonnull__ (1))) __attribute__ ((__deprecated__));


extern int pthread_attr_getstacksize (const pthread_attr_t *__restrict
          __attr, size_t *__restrict __stacksize)
     __attribute__ ((__nothrow__ , __leaf__)) __attribute__ ((__nonnull__ (1, 2)));




extern int pthread_attr_setstacksize (pthread_attr_t *__attr,
          size_t __stacksize)
     __attribute__ ((__nothrow__ , __leaf__)) __attribute__ ((__nonnull__ (1)));
# 440 "/usr/include/pthread.h" 3 4
extern int pthread_setschedparam (pthread_t __target_thread, int __policy,
      const struct sched_param *__param)
     __attribute__ ((__nothrow__ , __leaf__)) __attribute__ ((__nonnull__ (3)));


extern int pthread_getschedparam (pthread_t __target_thread,
      int *__restrict __policy,
      struct sched_param *__restrict __param)
     __attribute__ ((__nothrow__ , __leaf__)) __attribute__ ((__nonnull__ (2, 3)));


extern int pthread_setschedprio (pthread_t __target_thread, int __prio)
     __attribute__ ((__nothrow__ , __leaf__));
# 505 "/usr/include/pthread.h" 3 4
extern int pthread_once (pthread_once_t *__once_control,
    void (*__init_routine) (void)) __attribute__ ((__nonnull__ (1, 2)));
# 517 "/usr/include/pthread.h" 3 4
extern int pthread_setcancelstate (int __state, int *__oldstate);



extern int pthread_setcanceltype (int __type, int *__oldtype);


extern int pthread_cancel (pthread_t __th);




extern void pthread_testcancel (void);




typedef struct
{
  struct
  {
    __jmp_buf __cancel_jmp_buf;
    int __mask_was_saved;
  } __cancel_jmp_buf[1];
  void *__pad[4];
} __pthread_unwind_buf_t __attribute__ ((__aligned__));
# 551 "/usr/include/pthread.h" 3 4
struct __pthread_cleanup_frame
{
  void (*__cancel_routine) (void *);
  void *__cancel_arg;
  int __do_it;
  int __cancel_type;
};
# 691 "/usr/include/pthread.h" 3 4
extern void __pthread_register_cancel (__pthread_unwind_buf_t *__buf)
     ;
# 703 "/usr/include/pthread.h" 3 4
extern void __pthread_unregister_cancel (__pthread_unwind_buf_t *__buf)
  ;
# 744 "/usr/include/pthread.h" 3 4
extern void __pthread_unwind_next (__pthread_unwind_buf_t *__buf)
     __attribute__ ((__noreturn__))

     __attribute__ ((__weak__))

     ;



struct __jmp_buf_tag;
extern int __sigsetjmp (struct __jmp_buf_tag *__env, int __savemask) __attribute__ ((__nothrow__));





extern int pthread_mutex_init (pthread_mutex_t *__mutex,
          const pthread_mutexattr_t *__mutexattr)
     __attribute__ ((__nothrow__ , __leaf__)) __attribute__ ((__nonnull__ (1)));


extern int pthread_mutex_destroy (pthread_mutex_t *__mutex)
     __attribute__ ((__nothrow__ , __leaf__)) __attribute__ ((__nonnull__ (1)));


extern int pthread_mutex_trylock (pthread_mutex_t *__mutex)
     __attribute__ ((__nothrow__)) __attribute__ ((__nonnull__ (1)));


extern int pthread_mutex_lock (pthread_mutex_t *__mutex)
     __attribute__ ((__nothrow__)) __attribute__ ((__nonnull__ (1)));
# 784 "/usr/include/pthread.h" 3 4
extern int pthread_mutex_unlock (pthread_mutex_t *__mutex)
     __attribute__ ((__nothrow__)) __attribute__ ((__nonnull__ (1)));



extern int pthread_mutex_getprioceiling (const pthread_mutex_t *
      __restrict __mutex,
      int *__restrict __prioceiling)
     __attribute__ ((__nothrow__ , __leaf__)) __attribute__ ((__nonnull__ (1, 2)));



extern int pthread_mutex_setprioceiling (pthread_mutex_t *__restrict __mutex,
      int __prioceiling,
      int *__restrict __old_ceiling)
     __attribute__ ((__nothrow__ , __leaf__)) __attribute__ ((__nonnull__ (1, 3)));
# 817 "/usr/include/pthread.h" 3 4
extern int pthread_mutexattr_init (pthread_mutexattr_t *__attr)
     __attribute__ ((__nothrow__ , __leaf__)) __attribute__ ((__nonnull__ (1)));


extern int pthread_mutexattr_destroy (pthread_mutexattr_t *__attr)
     __attribute__ ((__nothrow__ , __leaf__)) __attribute__ ((__nonnull__ (1)));


extern int pthread_mutexattr_getpshared (const pthread_mutexattr_t *
      __restrict __attr,
      int *__restrict __pshared)
     __attribute__ ((__nothrow__ , __leaf__)) __attribute__ ((__nonnull__ (1, 2)));


extern int pthread_mutexattr_setpshared (pthread_mutexattr_t *__attr,
      int __pshared)
     __attribute__ ((__nothrow__ , __leaf__)) __attribute__ ((__nonnull__ (1)));
# 849 "/usr/include/pthread.h" 3 4
extern int pthread_mutexattr_getprotocol (const pthread_mutexattr_t *
       __restrict __attr,
       int *__restrict __protocol)
     __attribute__ ((__nothrow__ , __leaf__)) __attribute__ ((__nonnull__ (1, 2)));



extern int pthread_mutexattr_setprotocol (pthread_mutexattr_t *__attr,
       int __protocol)
     __attribute__ ((__nothrow__ , __leaf__)) __attribute__ ((__nonnull__ (1)));


extern int pthread_mutexattr_getprioceiling (const pthread_mutexattr_t *
          __restrict __attr,
          int *__restrict __prioceiling)
     __attribute__ ((__nothrow__ , __leaf__)) __attribute__ ((__nonnull__ (1, 2)));


extern int pthread_mutexattr_setprioceiling (pthread_mutexattr_t *__attr,
          int __prioceiling)
     __attribute__ ((__nothrow__ , __leaf__)) __attribute__ ((__nonnull__ (1)));
# 979 "/usr/include/pthread.h" 3 4
extern int pthread_cond_init (pthread_cond_t *__restrict __cond,
         const pthread_condattr_t *__restrict __cond_attr)
     __attribute__ ((__nothrow__ , __leaf__)) __attribute__ ((__nonnull__ (1)));


extern int pthread_cond_destroy (pthread_cond_t *__cond)
     __attribute__ ((__nothrow__ , __leaf__)) __attribute__ ((__nonnull__ (1)));


extern int pthread_cond_signal (pthread_cond_t *__cond)
     __attribute__ ((__nothrow__)) __attribute__ ((__nonnull__ (1)));


extern int pthread_cond_broadcast (pthread_cond_t *__cond)
     __attribute__ ((__nothrow__)) __attribute__ ((__nonnull__ (1)));






extern int pthread_cond_wait (pthread_cond_t *__restrict __cond,
         pthread_mutex_t *__restrict __mutex)
     __attribute__ ((__nonnull__ (1, 2)));
# 1011 "/usr/include/pthread.h" 3 4
extern int pthread_cond_timedwait (pthread_cond_t *__restrict __cond,
       pthread_mutex_t *__restrict __mutex,
       const struct timespec *__restrict __abstime)
     __attribute__ ((__nonnull__ (1, 2, 3)));




extern int pthread_condattr_init (pthread_condattr_t *__attr)
     __attribute__ ((__nothrow__ , __leaf__)) __attribute__ ((__nonnull__ (1)));


extern int pthread_condattr_destroy (pthread_condattr_t *__attr)
     __attribute__ ((__nothrow__ , __leaf__)) __attribute__ ((__nonnull__ (1)));


extern int pthread_condattr_getpshared (const pthread_condattr_t *
     __restrict __attr,
     int *__restrict __pshared)
     __attribute__ ((__nothrow__ , __leaf__)) __attribute__ ((__nonnull__ (1, 2)));


extern int pthread_condattr_setpshared (pthread_condattr_t *__attr,
     int __pshared) __attribute__ ((__nothrow__ , __leaf__)) __attribute__ ((__nonnull__ (1)));
# 1122 "/usr/include/pthread.h" 3 4
extern int pthread_key_create (pthread_key_t *__key,
          void (*__destr_function) (void *))
     __attribute__ ((__nothrow__ , __leaf__)) __attribute__ ((__nonnull__ (1)));


extern int pthread_key_delete (pthread_key_t __key) __attribute__ ((__nothrow__ , __leaf__));


extern void *pthread_getspecific (pthread_key_t __key) __attribute__ ((__nothrow__ , __leaf__));


extern int pthread_setspecific (pthread_key_t __key,
    const void *__pointer) __attribute__ ((__nothrow__ , __leaf__)) ;
# 1156 "/usr/include/pthread.h" 3 4
extern int pthread_atfork (void (*__prepare) (void),
      void (*__parent) (void),
      void (*__child) (void)) __attribute__ ((__nothrow__ , __leaf__));
# 1170 "/usr/include/pthread.h" 3 4

# 5 "src/store.h" 2
# 1 "/usr/include/stdlib.h" 1 3 4
# 32 "/usr/include/stdlib.h" 3 4
# 1 "/usr/lib/gcc/x86_64-linux-gnu/4.8/include/stddef.h" 1 3 4
# 324 "/usr/lib/gcc/x86_64-linux-gnu/4.8/include/stddef.h" 3 4
typedef int wchar_t;
# 33 "/usr/include/stdlib.h" 2 3 4


# 95 "/usr/include/stdlib.h" 3 4


typedef struct
  {
    int quot;
    int rem;
  } div_t;



typedef struct
  {
    long int quot;
    long int rem;
  } ldiv_t;







__extension__ typedef struct
  {
    long long int quot;
    long long int rem;
  } lldiv_t;


# 139 "/usr/include/stdlib.h" 3 4
extern size_t __ctype_get_mb_cur_max (void) __attribute__ ((__nothrow__ , __leaf__)) ;




extern double atof (const char *__nptr)
     __attribute__ ((__nothrow__ , __leaf__)) __attribute__ ((__pure__)) __attribute__ ((__nonnull__ (1))) ;

extern int atoi (const char *__nptr)
     __attribute__ ((__nothrow__ , __leaf__)) __attribute__ ((__pure__)) __attribute__ ((__nonnull__ (1))) ;

extern long int atol (const char *__nptr)
     __attribute__ ((__nothrow__ , __leaf__)) __attribute__ ((__pure__)) __attribute__ ((__nonnull__ (1))) ;





__extension__ extern long long int atoll (const char *__nptr)
     __attribute__ ((__nothrow__ , __leaf__)) __attribute__ ((__pure__)) __attribute__ ((__nonnull__ (1))) ;





extern double strtod (const char *__restrict __nptr,
        char **__restrict __endptr)
     __attribute__ ((__nothrow__ , __leaf__)) __attribute__ ((__nonnull__ (1)));





extern float strtof (const char *__restrict __nptr,
       char **__restrict __endptr) __attribute__ ((__nothrow__ , __leaf__)) __attribute__ ((__nonnull__ (1)));

extern long double strtold (const char *__restrict __nptr,
       char **__restrict __endptr)
     __attribute__ ((__nothrow__ , __leaf__)) __attribute__ ((__nonnull__ (1)));





extern long int strtol (const char *__restrict __nptr,
   char **__restrict __endptr, int __base)
     __attribute__ ((__nothrow__ , __leaf__)) __attribute__ ((__nonnull__ (1)));

extern unsigned long int strtoul (const char *__restrict __nptr,
      char **__restrict __endptr, int __base)
     __attribute__ ((__nothrow__ , __leaf__)) __attribute__ ((__nonnull__ (1)));

# 206 "/usr/include/stdlib.h" 3 4


__extension__
extern long long int strtoll (const char *__restrict __nptr,
         char **__restrict __endptr, int __base)
     __attribute__ ((__nothrow__ , __leaf__)) __attribute__ ((__nonnull__ (1)));

__extension__
extern unsigned long long int strtoull (const char *__restrict __nptr,
     char **__restrict __endptr, int __base)
     __attribute__ ((__nothrow__ , __leaf__)) __attribute__ ((__nonnull__ (1)));

# 372 "/usr/include/stdlib.h" 3 4


extern int rand (void) __attribute__ ((__nothrow__ , __leaf__));

extern void srand (unsigned int __seed) __attribute__ ((__nothrow__ , __leaf__));

# 464 "/usr/include/stdlib.h" 3 4


extern void *malloc (size_t __size) __attribute__ ((__nothrow__ , __leaf__)) __attribute__ ((__malloc__)) ;

extern void *calloc (size_t __nmemb, size_t __size)
     __attribute__ ((__nothrow__ , __leaf__)) __attribute__ ((__malloc__)) ;










extern void *realloc (void *__ptr, size_t __size)
     __attribute__ ((__nothrow__ , __leaf__)) __attribute__ ((__warn_unused_result__));

extern void free (void *__ptr) __attribute__ ((__nothrow__ , __leaf__));

# 513 "/usr/include/stdlib.h" 3 4


extern void abort (void) __attribute__ ((__nothrow__ , __leaf__)) __attribute__ ((__noreturn__));



extern int atexit (void (*__func) (void)) __attribute__ ((__nothrow__ , __leaf__)) __attribute__ ((__nonnull__ (1)));
# 530 "/usr/include/stdlib.h" 3 4

# 539 "/usr/include/stdlib.h" 3 4




extern void exit (int __status) __attribute__ ((__nothrow__ , __leaf__)) __attribute__ ((__noreturn__));













extern void _Exit (int __status) __attribute__ ((__nothrow__ , __leaf__)) __attribute__ ((__noreturn__));






extern char *getenv (const char *__name) __attribute__ ((__nothrow__ , __leaf__)) __attribute__ ((__nonnull__ (1))) ;

# 712 "/usr/include/stdlib.h" 3 4





extern int system (const char *__command) ;

# 742 "/usr/include/stdlib.h" 3 4
typedef int (*__compar_fn_t) (const void *, const void *);
# 752 "/usr/include/stdlib.h" 3 4



extern void *bsearch (const void *__key, const void *__base,
        size_t __nmemb, size_t __size, __compar_fn_t __compar)
     __attribute__ ((__nonnull__ (1, 2, 5))) ;







extern void qsort (void *__base, size_t __nmemb, size_t __size,
     __compar_fn_t __compar) __attribute__ ((__nonnull__ (1, 4)));
# 775 "/usr/include/stdlib.h" 3 4
extern int abs (int __x) __attribute__ ((__nothrow__ , __leaf__)) __attribute__ ((__const__)) ;
extern long int labs (long int __x) __attribute__ ((__nothrow__ , __leaf__)) __attribute__ ((__const__)) ;



__extension__ extern long long int llabs (long long int __x)
     __attribute__ ((__nothrow__ , __leaf__)) __attribute__ ((__const__)) ;







extern div_t div (int __numer, int __denom)
     __attribute__ ((__nothrow__ , __leaf__)) __attribute__ ((__const__)) ;
extern ldiv_t ldiv (long int __numer, long int __denom)
     __attribute__ ((__nothrow__ , __leaf__)) __attribute__ ((__const__)) ;




__extension__ extern lldiv_t lldiv (long long int __numer,
        long long int __denom)
     __attribute__ ((__nothrow__ , __leaf__)) __attribute__ ((__const__)) ;

# 860 "/usr/include/stdlib.h" 3 4



extern int mblen (const char *__s, size_t __n) __attribute__ ((__nothrow__ , __leaf__));


extern int mbtowc (wchar_t *__restrict __pwc,
     const char *__restrict __s, size_t __n) __attribute__ ((__nothrow__ , __leaf__));


extern int wctomb (char *__s, wchar_t __wchar) __attribute__ ((__nothrow__ , __leaf__));



extern size_t mbstowcs (wchar_t *__restrict __pwcs,
   const char *__restrict __s, size_t __n) __attribute__ ((__nothrow__ , __leaf__));

extern size_t wcstombs (char *__restrict __s,
   const wchar_t *__restrict __pwcs, size_t __n)
     __attribute__ ((__nothrow__ , __leaf__));

# 955 "/usr/include/stdlib.h" 3 4
# 1 "/usr/include/x86_64-linux-gnu/bits/stdlib-float.h" 1 3 4
# 956 "/usr/include/stdlib.h" 2 3 4
# 968 "/usr/include/stdlib.h" 3 4

# 6 "src/store.h" 2






typedef struct
{
   int stock;
   int commande;

   pthread_t thread_store;
   pthread_t thread_clients [5];

   pthread_mutex_t *mutex_stock;
   pthread_mutex_t *mutex_commande;

   void (*print_stock)(int);
   void (*print_client_action)(int,int);
} store_t;

void init_store(store_t **store,void (*p_stock)(int), void (*p_client_action)(int,int));
void free_store(store_t *store);
int simulate_store(store_t *store);
# 2 "src/store.c" 2



static int get_random (int max){
   double val;

   val = (double) max * rand ();
   val = val / (2147483647 + 1.0);

   return ((int) val);
}



static void * fn_store (void * p_data)
{
   store_t *store = (store_t*) p_data;

   while (store->commande > 0){


      pthread_mutex_lock (store->mutex_stock);
      if(store->stock == 0){
         store->stock = 20;
         if(store->print_stock){
            store->print_stock(store->stock);
         }

         pthread_mutex_lock(store->mutex_commande);
         store->commande--;
         pthread_mutex_unlock (store->mutex_commande);
      }
      pthread_mutex_unlock (store->mutex_stock);



      usleep (get_random (5)*100000);
   }
   return ((void *)0);
}



   static void * fn_clients (void * p_data)
   {
      store_t *store = (store_t*) p_data;
      int val;

      while (store->commande != 0 || store->stock >0){


         pthread_mutex_lock (store->mutex_stock);

         if(store->stock > 0){

            if(store->stock <=3){
               val = 1+get_random (store->stock-1);
            }else{
               val = 1+get_random (3);
            }

            store->stock = store->stock - val;
            if(store->print_client_action){
               store->print_client_action(val, store->stock);
            }
         }
         pthread_mutex_unlock (store->mutex_stock);



         usleep (get_random (3)*100000);
      }
      return ((void *)0);
   }

void init_store(store_t **store,void (*p_stock)(int), void (*p_client_action)(int,int)){

   *store = (store_t*) malloc (sizeof(store_t));

   (*store)->stock = 20;
   (*store)->commande = 4;
   ( *store)->mutex_stock = malloc(sizeof(pthread_mutex_t));
   (*store)->print_stock = p_stock;
   (*store)->print_client_action = p_client_action;

   pthread_mutex_init((*store)->mutex_stock, ((void *)0));
   (*store)->mutex_commande = malloc(sizeof(pthread_mutex_t));
   pthread_mutex_init((*store)->mutex_commande, ((void *)0));

}

void free_store(store_t *store){
   free(store->mutex_stock);
   free(store->mutex_commande);
   free(store);
}


int simulate_store(store_t *store){
   int i = 0;
   int ret = 0;




         ret = pthread_create (
            & store->thread_store, ((void *)0),
            fn_store, (void *) store
            );


         if (! ret)
         {

            for (i = 0; i < 5; i++)
            {
               ret = pthread_create (
                  & store->thread_clients [i], ((void *)0),
                  fn_clients, (void *) store);

            }
         }


         i = 0;
         for (i = 0; i < 5; i++)
         {
            pthread_join (store->thread_clients [i], ((void *)0));
         }
         pthread_join (store->thread_store, ((void *)0));


         return 0;
      }
